#
# A fatal error has been detected by the Java Runtime Environment:
#
#  Internal Error (javaClasses.cpp:129), pid=3508, tid=4940
#  fatal error: Invalid layout of preloaded class
#
# JRE version: 7.0_09-b05
# Java VM: Java HotSpot(TM) 64-Bit Server VM (23.5-b02 mixed mode windows-amd64 compressed oops)
# Failed to write core dump. Minidumps are not enabled by default on client versions of Windows
#
# If you would like to submit a bug report, please visit:
#   http://bugreport.sun.com/bugreport/crash.jsp
#

---------------  T H R E A D  ---------------

Current thread (0x000000000202c800):  JavaThread "Unknown thread" [_thread_in_vm, id=4940, stack(0x00000000021a0000,0x00000000022a0000)]

Stack: [0x00000000021a0000,0x00000000022a0000]

---------------  P R O C E S S  ---------------

Java Threads: ( => current thread )

Other Threads:

=>0x000000000202c800 (exited) JavaThread "Unknown thread" [_thread_in_vm, id=4940, stack(0x00000000021a0000,0x00000000022a0000)]

VM state:not at safepoint (not fully initialized)

VM Mutex/Monitor currently owned by a thread: None

GC Heap History (0 events):
No events

Deoptimization events (0 events):
No events

Internal exceptions (0 events):
No events

Events (10 events):
Event: 0.021 loading class 0x00000000020afef0 done
Event: 0.021 loading class 0x00000000020724c0 done
Event: 0.021 loading class 0x0000000002072490
Event: 0.021 loading class 0x00000000020ff380
Event: 0.022 loading class 0x00000000020ff380 done
Event: 0.022 loading class 0x00000000020ff3c0
Event: 0.022 loading class 0x00000000020ff3c0 done
Event: 0.022 loading class 0x000000000898e8f0
Event: 0.022 loading class 0x000000000898e8f0 done
Event: 0.022 loading class 0x0000000002072490 done


Dynamic libraries:
0x000000013fdb0000 - 0x000000013fde4000 	C:\Program Files\Java\jre7\bin\javaw.exe
0x0000000076dc0000 - 0x0000000076f6c000 	C:\Windows\SYSTEM32\ntdll.dll
0x0000000072170000 - 0x00000000721ba000 	C:\Program Files\AVAST Software\Avast\snxhk64.dll
0x0000000076ca0000 - 0x0000000076dbf000 	C:\Windows\system32\KERNEL32.dll
0x000007fefd4b0000 - 0x000007fefd51c000 	C:\Windows\system32\KERNELBASE.dll
0x000007fefeb90000 - 0x000007fefec6b000 	C:\Windows\system32\ADVAPI32.dll
0x000007fefd940000 - 0x000007fefd9df000 	C:\Windows\system32\msvcrt.dll
0x000007fefd600000 - 0x000007fefd61f000 	C:\Windows\SYSTEM32\sechost.dll
0x000007fefd780000 - 0x000007fefd8ae000 	C:\Windows\system32\RPCRT4.dll
0x0000000076ba0000 - 0x0000000076c9a000 	C:\Windows\system32\USER32.dll
0x000007fefec70000 - 0x000007fefecd7000 	C:\Windows\system32\GDI32.dll
0x000007fefd8b0000 - 0x000007fefd8be000 	C:\Windows\system32\LPK.dll
0x000007feff000000 - 0x000007feff0ca000 	C:\Windows\system32\USP10.dll
0x000007fefbcc0000 - 0x000007fefbeb4000 	C:\Windows\WinSxS\amd64_microsoft.windows.common-controls_6595b64144ccf1df_6.0.7600.16661_none_fa62ad231704eab7\COMCTL32.dll
0x000007fefeb00000 - 0x000007fefeb71000 	C:\Windows\system32\SHLWAPI.dll
0x000007fefd8c0000 - 0x000007fefd8ee000 	C:\Windows\system32\IMM32.DLL
0x000007fefeef0000 - 0x000007fefeff9000 	C:\Windows\system32\MSCTF.dll
0x0000000072940000 - 0x0000000072a11000 	C:\Program Files\Java\jre7\bin\msvcr100.dll
0x0000000061de0000 - 0x00000000624ff000 	C:\Program Files\Java\jre7\bin\server\jvm.dll
0x000007fee8f20000 - 0x000007fee8f29000 	C:\Windows\system32\WSOCK32.dll
0x000007fefd8f0000 - 0x000007fefd93d000 	C:\Windows\system32\WS2_32.dll
0x000007fefeb80000 - 0x000007fefeb88000 	C:\Windows\system32\NSI.dll
0x000007fef9e20000 - 0x000007fef9e5b000 	C:\Windows\system32\WINMM.dll
0x0000000076f80000 - 0x0000000076f87000 	C:\Windows\system32\PSAPI.DLL
0x0000000072af0000 - 0x0000000072aff000 	C:\Program Files\Java\jre7\bin\verify.dll
0x0000000072ac0000 - 0x0000000072ae8000 	C:\Program Files\Java\jre7\bin\java.dll
0x0000000072aa0000 - 0x0000000072ab5000 	C:\Program Files\Java\jre7\bin\zip.dll

VM Arguments:
jvm_args: -Dfile.encoding=Cp1250 -Xbootclasspath:C:\Users\Leszek\Desktop\adt-bundle-windows-x86_64-20130219\sdk\platforms\android-17\android.jar 
java_command: testy.test
Launcher Type: SUN_STANDARD

Environment Variables:
CLASSPATH=.;C:\Program Files (x86)\Java\jre6\lib\ext\QTJava.zip
PATH=C:\Program Files (x86)\AMD APP\bin\x86_64;C:\Program Files (x86)\AMD APP\bin\x86;C:\app\Leszek\product\11.2.0\dbhome_2\bin;C:\Program Files (x86)\NVIDIA Corporation\PhysX\Common;C:\Windows\system32;C:\Windows;C:\Windows\System32\Wbem;C:\Windows\System32\WindowsPowerShell\v1.0\;C:\Program Files (x86)\ATI Technologies\ATI.ACE\Core-Static;C:\Program Files (x86)\Microsoft ASP.NET\ASP.NET Web Pages\v1.0\;C:\Program Files\Microsoft SQL Server\110\Tools\Binn\;c:\Program Files (x86)\Microsoft SQL Server\100\Tools\Binn\;c:\Program Files\Microsoft SQL Server\100\Tools\Binn\;c:\Program Files\Microsoft SQL Server\100\DTS\Binn\;C:\Program Files (x86)\QuickTime\QTSystem\;C:\Program Files\TortoiseHg\;C:\Program Files (x86)\Heroku\bin;C:\Program Files (x86)\ruby-1.9.3\bin;C:\Program Files (x86)\git\bin;C:\Program Files (x86)\git\cmd
USERNAME=Leszek
OS=Windows_NT
PROCESSOR_IDENTIFIER=AMD64 Family 21 Model 1 Stepping 2, AuthenticAMD



---------------  S Y S T E M  ---------------

OS: Windows 7 , 64 bit Build 7600 

CPU:total 4 (4 cores per cpu, 1 threads per core) family 21 model 1 stepping 2, cmov, cx8, fxsr, mmx, sse, sse2, sse3, ssse3, sse4.1, sse4.2, popcnt, mmxext, 3dnowpref, lzcnt, sse4a, tsc, tscinvbit, tscinv

Memory: 4k page, physical 4175992k(981744k free), swap 8350080k(4422412k free)

vm_info: Java HotSpot(TM) 64-Bit Server VM (23.5-b02) for windows-amd64 JRE (1.7.0_09-b05), built on Sep 24 2012 21:45:04 by "java_re" with unknown MS VC++:1600

time: Tue Mar 26 20:53:21 2013
elapsed time: 0 seconds

